2020-11-29T17:10:23.725Z - info: APPLICATION: Environment: local!
2020-11-29T17:10:23.730Z - info: MONGO: Connection attempted with local:local
2020-11-29T17:10:23.831Z - info: MONGO: Mongoose connected!
2020-11-29T17:10:24.066Z - info: NODE: HTTPS listening on port 8043.
2020-11-29T17:13:30.102Z - error: Route not found!
2020-11-29T17:13:30.172Z - error: Route not found!
2020-11-29T17:14:01.319Z - error: Route not found!
2020-11-29T17:14:03.019Z - error: Route not found!
2020-11-29T17:14:04.576Z - error: Route not found!
2020-11-29T17:14:44.463Z - error: Route not found!
2020-11-29T17:14:45.933Z - error: Route not found!
2020-11-29T17:21:33.394Z - error: Route not found!
2020-11-29T17:23:03.027Z - info: MONGO: Mongoose disconnected!
2020-11-29T17:37:49.879Z - info: APPLICATION: Environment: local!
2020-11-29T17:37:49.884Z - info: MONGO: Connection attempted with local:local
2020-11-29T17:37:49.979Z - info: MONGO: Mongoose connected!
2020-11-29T17:37:50.241Z - info: NODE: HTTPS listening on port 8043.
2020-11-29T17:40:25.207Z - info: MONGO: Mongoose disconnected!
2020-11-29T17:40:46.578Z - info: APPLICATION: Environment: local!
2020-11-29T17:40:46.583Z - info: MONGO: Connection attempted with local:local
2020-11-29T17:40:46.674Z - info: MONGO: Mongoose connected!
2020-11-29T17:40:46.896Z - info: NODE: HTTPS listening on port 8043.
2020-11-29T17:41:36.768Z - info: MONGO: Mongoose disconnected!
2020-11-29T17:42:09.675Z - info: APPLICATION: Environment: local!
2020-11-29T17:42:09.679Z - info: MONGO: Connection attempted with local:local
2020-11-29T17:42:09.802Z - info: MONGO: Mongoose connected!
2020-11-29T17:42:10.033Z - info: NODE: HTTPS listening on port 8043.
2020-11-29T17:47:10.450Z - info: MONGO: Mongoose disconnected!
2020-11-29T17:47:47.366Z - info: APPLICATION: Environment: local!
2020-11-29T17:47:47.370Z - info: MONGO: Connection attempted with local:local
2020-11-29T17:47:47.469Z - info: MONGO: Mongoose connected!
2020-11-29T17:47:47.675Z - info: NODE: HTTPS listening on port 8043.
